<?xml version="1.0" encoding="UTF-8"?>
<testsuite xmlns:xsi="http://www.w3.org/2001/XMLSchema-instance" xsi:noNamespaceSchemaLocation="https://maven.apache.org/surefire/maven-surefire-plugin/xsd/surefire-test-report.xsd" name="courier_test.LoginCourierTest" time="1.836" tests="5" errors="0" skipped="0" failures="0">
  <properties>
[...]
</properties>
  <testcase name="authorizationCourierWithNonExistentLogin" classname="courier_test.LoginCourierTest" time="0.224"/>
  <testcase name="authorizationCourierWithNonExistentPassword" classname="courier_test.LoginCourierTest" time="0.211"/>
  <testcase name="loginCourier" classname="courier_test.LoginCourierTest" time="0.957"/>
  <testcase name="authorizationCourierWithoutPassword" classname="courier_test.LoginCourierTest" time="0.209"/>
  <testcase name="authorizationCourierWithoutLogin" classname="courier_test.LoginCourierTest" time="0.221"/>
</testsuite>